Arguments: 
  /usr/local/Cellar/node/13.3.0/bin/node /usr/local/Cellar/yarn/1.21.1/libexec/bin/yarn.js publish

PATH: 
  /opt/local/bin:/opt/local/sbin:/Users/jaguar/Library/Python/3.7/bin:/usr/local/bin:/usr/bin:/bin:/usr/sbin:/sbin:/usr/local/share/dotnet:~/.dotnet/tools:/Library/Frameworks/Mono.framework/Versions/Current/Commands:/opt/local/bin:/opt/local/sbin:/Users/jaguar/Library/Python/3.7/bin:/Users/jaguar/Development/apache-maven-3.6.3/bin:/Users/jaguar/Development/apache-tomcat-9.0.30/bin:/Users/jaguar/Development/apache-maven-3.6.3/bin:/Users/jaguar/Development/apache-tomcat-9.0.30/bin

Yarn version: 
  1.21.1

Node version: 
  13.3.0

Platform: 
  darwin x64

Trace: 
  Error: canceled
      at Interface.<anonymous> (/usr/local/Cellar/yarn/1.21.1/libexec/lib/cli.js:136925:13)
      at Interface.emit (events.js:219:5)
      at Interface._ttyWrite (readline.js:894:16)
      at ReadStream.onkeypress (readline.js:200:10)
      at ReadStream.emit (events.js:219:5)
      at emitKeys (internal/readline/utils.js:438:14)
      at emitKeys.next (<anonymous>)
      at ReadStream.onData (readline.js:1160:36)
      at ReadStream.emit (events.js:219:5)
      at addChunk (_stream_readable.js:332:12)

npm manifest: 
  {
    "name": "vue-shared-element",
    "version": "1.0.0",
    "main": "index.js",
    "license": "MIT"
  }

yarn manifest: 
  No manifest

Lockfile: 
  No lockfile
